proguard-project.txt
-dontoptimize
-dontusemixedcaseclassnames
-dontskipnonpubliclibraryclasses
#-dontpreverify
-verbose
-dontwarn
-optimizations !code/simplification/arithmetic,!field/*,!class/merging/*
-keepattributes InnerClasses,LineNumberTable

-keep public class * extends android.app.Activity
-keep public class * extends android.app.Application
-keep public class * extends android.app.Service
-keep public class * extends android.app.View
-keep public class * extends android.content.BroadcastReceiver
-keep public class * extends android.content.ContentProvider
-keep public class * extends android.app.backup.BackupAgentHelper
-keep public class * extends android.preference.Preference

-keep class android.net.http.SslError
-keep class android.webkit.**{*;}
-keep class cn.sharesdk.**{*;}
-keep class com.sina.**{*;}
-keep class m.framework.**{*;}

-keepclasseswithmembernames class * {
    native <methods>;
}

-keepclasseswithmembers class * {
    public <init>(android.content.Context, android.util.AttributeSet);
}

-keepclasseswithmembers class * {
    public <init>(android.content.Context, android.util.AttributeSet, int);
}

-keepclassmembers class * extends android.app.Activity {
   public void *(android.view.View);
}

-keepclassmembers enum * {

    public static **[] values();
    public static ** valueOf(java.lang.String);
}

-keep class **.R$* {
    *;
}

-keep class * implements android.os.Parcelable {
  public static final android.os.Parcelable$Creator *;
}

-keep class * implements java.io.Serializable {
        <fields>;
        <methods>;
}

#waps
-keep public class cn.waps.** {*;}
-keep public interface cn.waps.** {*;}
-dontwarn cn.waps.**
#youmi
-dontwarn com.testin.cloud.**
-keep class com.testin.cloud.** {*;}
#dianle
-dontwarn com.dlnetwork.**
-keep class **.R$* {*;}
#beiduo
-keep class com.bb.dd.* {*;}
#米积分
-dontwarn com.miji.**
-keep public class com.miji.** {*;}
-keep public interface com.miji.** {*;}
#赢告无限
-keep public class com.winad.android.offers.** {*;}
-keep public class com.baidu.location.** {*;}
#多盟
-dontwarn cn.aow.**
-keep class cn.aow.** {*;}

-dontwarn org.apache.commons.*.**
-dontwarn org.w3c.dom.bootstrap.**
-dontwarn org.joda.time.*.**
-dontwarn org.joda.time.*

-libraryjars ./libs/android-support-v4.jar
-dontwarn android.support.v4.**
-dontwarn **CompatHoneycomb
-dontwarn **CompatHoneycombMR2
-dontwarn **CompatCreatorHoneycombMR2
-keep interface android.support.v4.app.** { *; }
-keep class android.support.v4.** { *; }
-keep public class * extends android.support.v4.**
-keep public class * extends android.app.Fragment