proguard_logs/seeds.txt
com.vzhuan.BaseActivity
com.vzhuan.BaseActivity: BaseActivity()
com.vzhuan.BaseFragment
com.vzhuan.GuideActivity
com.vzhuan.GuideActivity: GuideActivity()
com.vzhuan.HomeFragment
com.vzhuan.JsonHelper$JSON_TYPE
com.vzhuan.JsonHelper$JSON_TYPE: com.vzhuan.JsonHelper$JSON_TYPE JSON_TYPE_OBJECT
com.vzhuan.JsonHelper$JSON_TYPE: com.vzhuan.JsonHelper$JSON_TYPE JSON_TYPE_ARRAY
com.vzhuan.JsonHelper$JSON_TYPE: com.vzhuan.JsonHelper$JSON_TYPE JSON_TYPE_ERROR
com.vzhuan.JsonHelper$JSON_TYPE: com.vzhuan.JsonHelper$JSON_TYPE[] $VALUES
com.vzhuan.JsonHelper$JSON_TYPE: com.vzhuan.JsonHelper$JSON_TYPE[] values()
com.vzhuan.JsonHelper$JSON_TYPE: com.vzhuan.JsonHelper$JSON_TYPE valueOf(java.lang.String)
com.vzhuan.JsonHelper$JSON_TYPE: JsonHelper$JSON_TYPE(java.lang.String,int)
com.vzhuan.JsonHelper$JSON_TYPE: void <clinit>()
com.vzhuan.MainActivity
com.vzhuan.MainActivity: MainActivity()
com.vzhuan.MainApplication
com.vzhuan.MainApplication: MainApplication()
com.vzhuan.R$anim
com.vzhuan.R$anim: int rocket
com.vzhuan.R$anim: R$anim()
com.vzhuan.R$attr
com.vzhuan.R$attr: int border_color
com.vzhuan.R$attr: int border_width
com.vzhuan.R$attr: int orientation
com.vzhuan.R$attr: R$attr()
com.vzhuan.R$color
com.vzhuan.R$color: int normal_gray_pressed_white
com.vzhuan.R$color: R$color()
com.vzhuan.R$drawable
com.vzhuan.R$drawable: int auth_cb
com.vzhuan.R$drawable: int auth_follow_bg
com.vzhuan.R$drawable: int auth_follow_cb_chd
com.vzhuan.R$drawable: int auth_follow_cb_unc
com.vzhuan.R$drawable: int auth_title_back
com.vzhuan.R$drawable: int avatar
com.vzhuan.R$drawable: int banner
com.vzhuan.R$drawable: int blue_point
com.vzhuan.R$drawable: int bt_commit
com.vzhuan.R$drawable: int btn_back
com.vzhuan.R$drawable: int btn_back_nor
com.vzhuan.R$drawable: int btn_back_pre
com.vzhuan.R$drawable: int cb_checked
com.vzhuan.R$drawable: int cb_drw
com.vzhuan.R$drawable: int cb_uncheck
com.vzhuan.R$drawable: int cha
com.vzhuan.R$drawable: int classic_platform_corners_bg
com.vzhuan.R$drawable: int close
com.vzhuan.R$drawable: int code_bg
com.vzhuan.R$drawable: int duigou
com.vzhuan.R$drawable: int edittext_back
com.vzhuan.R$drawable: int get2yuan
com.vzhuan.R$drawable: int get3yuan
com.vzhuan.R$drawable: int go
com.vzhuan.R$drawable: int guide1
com.vzhuan.R$drawable: int guide2
com.vzhuan.R$drawable: int guide3
com.vzhuan.R$drawable: int guide4
com.vzhuan.R$drawable: int ic_launcher
com.vzhuan.R$drawable: int icon_coinbg
com.vzhuan.R$drawable: int icon_share
com.vzhuan.R$drawable: int id
com.vzhuan.R$drawable: int idbg
com.vzhuan.R$drawable: int img_cancel
com.vzhuan.R$drawable: int light_blue_point
com.vzhuan.R$drawable: int list_item_first_normal
com.vzhuan.R$drawable: int list_item_last_normal
com.vzhuan.R$drawable: int list_item_middle_normal
...
cn.sharesdk.wechat.favorite.WechatFavorite
cn.sharesdk.wechat.favorite.WechatFavorite: java.lang.String NAME
cn.sharesdk.wechat.favorite.WechatFavorite: java.lang.String a
cn.sharesdk.wechat.favorite.WechatFavorite: java.lang.String b
cn.sharesdk.wechat.favorite.WechatFavorite: WechatFavorite(android.content.Context)
cn.sharesdk.wechat.favorite.WechatFavorite: void initDevInfo(java.lang.String)
cn.sharesdk.wechat.favorite.WechatFavorite: int getPlatformId()
cn.sharesdk.wechat.favorite.WechatFavorite: java.lang.String getName()
cn.sharesdk.wechat.favorite.WechatFavorite: int getVersion()
cn.sharesdk.wechat.favorite.WechatFavorite: void setNetworkDevinfo()
cn.sharesdk.wechat.favorite.WechatFavorite: void doAuthorize(java.lang.String[])
cn.sharesdk.wechat.favorite.WechatFavorite: boolean checkAuthorize(int,java.lang.Object)
cn.sharesdk.wechat.favorite.WechatFavorite: boolean isValid()
cn.sharesdk.wechat.favorite.WechatFavorite: boolean c()
cn.sharesdk.wechat.favorite.WechatFavorite: void doShare(cn.sharesdk.framework.Platform$ShareParams)
cn.sharesdk.wechat.favorite.WechatFavorite: void follow(java.lang.String)
cn.sharesdk.wechat.favorite.WechatFavorite: void timeline(int,int,java.lang.String)
cn.sharesdk.wechat.favorite.WechatFavorite: void userInfor(java.lang.String)
cn.sharesdk.wechat.favorite.WechatFavorite: void getFriendList(int,int,java.lang.String)
cn.sharesdk.wechat.favorite.WechatFavorite$ShareParams
cn.sharesdk.wechat.favorite.WechatFavorite$ShareParams: WechatFavorite$ShareParams()
cn.sharesdk.wechat.favorite.a
cn.sharesdk.wechat.favorite.a: cn.sharesdk.wechat.favorite.WechatFavorite a
cn.sharesdk.wechat.favorite.a: a(cn.sharesdk.wechat.favorite.WechatFavorite)
cn.sharesdk.wechat.favorite.a: void onError(java.lang.Throwable)
cn.sharesdk.wechat.favorite.a: void onComplete(android.os.Bundle)
cn.sharesdk.wechat.favorite.a: void onCancel()
cn.sharesdk.wechat.friends.Wechat
cn.sharesdk.wechat.friends.Wechat: java.lang.String NAME
cn.sharesdk.wechat.friends.Wechat: java.lang.String a
cn.sharesdk.wechat.friends.Wechat: java.lang.String b
cn.sharesdk.wechat.friends.Wechat: boolean c
cn.sharesdk.wechat.friends.Wechat: Wechat(android.content.Context)
cn.sharesdk.wechat.friends.Wechat: void initDevInfo(java.lang.String)
cn.sharesdk.wechat.friends.Wechat: int getPlatformId()
cn.sharesdk.wechat.friends.Wechat: java.lang.String getName()
cn.sharesdk.wechat.friends.Wechat: int getVersion()
cn.sharesdk.wechat.friends.Wechat: void setNetworkDevinfo()
cn.sharesdk.wechat.friends.Wechat: void doAuthorize(java.lang.String[])
cn.sharesdk.wechat.friends.Wechat: boolean isValid()
cn.sharesdk.wechat.friends.Wechat: boolean checkAuthorize(int,java.lang.Object)
cn.sharesdk.wechat.friends.Wechat: void doShare(cn.sharesdk.framework.Platform$ShareParams)
cn.sharesdk.wechat.friends.Wechat: void follow(java.lang.String)
cn.sharesdk.wechat.friends.Wechat: void timeline(int,int,java.lang.String)
cn.sharesdk.wechat.friends.Wechat: void userInfor(java.lang.String)
cn.sharesdk.wechat.friends.Wechat: void getFriendList(int,int,java.lang.String)
cn.sharesdk.wechat.friends.Wechat: void doCustomerProtocol(java.lang.String,java.lang.String,int,java.util.HashMap,java.util.HashMap)
cn.sharesdk.wechat.friends.Wechat: cn.sharesdk.framework.statistics.b.f$a filterShareContent(cn.sharesdk.framework.Platform$ShareParams,java.util.HashMap)
cn.sharesdk.wechat.friends.Wechat$ShareParams
cn.sharesdk.wechat.friends.Wechat$ShareParams: Wechat$ShareParams()
cn.sharesdk.wechat.friends.a
cn.sharesdk.wechat.friends.a: cn.sharesdk.wechat.friends.Wechat a
cn.sharesdk.wechat.friends.a: a(cn.sharesdk.wechat.friends.Wechat)
cn.sharesdk.wechat.friends.a: void onError(java.lang.Throwable)
cn.sharesdk.wechat.friends.a: void onComplete(android.os.Bundle)
cn.sharesdk.wechat.friends.a: void onCancel()