proguard_logs/mapping.txt
com.vzhuan.AppManagerStack -> com.vzhuan.a:
    java.util.Stack activityStack -> a
    com.vzhuan.AppManagerStack instance -> b
    java.lang.Object mLock -> c
    24:29:com.vzhuan.AppManagerStack getInstance() -> a
    36:40:void addActivity(android.app.Activity) -> a
    46:47:android.app.Activity currentActivity() -> b
    62:67:void finishActivity(android.app.Activity) -> b
    84:90:void finishAllActivity() -> c
    98:104:void AppExit(android.content.Context) -> a
com.vzhuan.BaseActivity -> com.vzhuan.BaseActivity:
    12:17:void onCreate(android.os.Bundle) -> onCreate
    20:20:void doInitDataes() -> a
    23:23:void doInitSubViews() -> b
    26:26:int doGetContentViewId() -> c
    31:33:void onDestroy() -> onDestroy
com.vzhuan.BaseFragment -> com.vzhuan.BaseFragment:
    android.view.View containerView -> a
    17:30:android.view.View onCreateView(android.view.LayoutInflater,android.view.ViewGroup,android.os.Bundle) -> onCreateView
    34:34:void doInitDataes() -> a
    37:37:void doInitSubViews(android.view.View) -> a
    40:40:android.view.View doGetContentView() -> b
    44:44:int doGetContentViewId() -> c
com.vzhuan.Constants -> com.vzhuan.b:
    boolean DEBUG -> a
    java.lang.String REGISTER_GETCODE -> b
    29:29:java.lang.String getImei(android.content.Context) -> a
    33:34:java.lang.String getDid() -> a
com.vzhuan.ExecutorServiceUtil -> com.vzhuan.c:
    java.util.concurrent.ExecutorService _instance -> b
    java.lang.Object mObject -> a
    14:18:java.util.concurrent.ExecutorService getInstance() -> a
com.vzhuan.FixedSpeedScroller -> com.vzhuan.d:
    int mDuration -> a
    27:28:void startScroll(int,int,int,int,int) -> startScroll
    33:34:void startScroll(int,int,int,int) -> startScroll
com.vzhuan.GuideActivity -> com.vzhuan.GuideActivity:
    20:20:int doGetContentViewId() -> c
    25:85:void doInitDataes() -> a
com.vzhuan.GuideActivity$1 -> com.vzhuan.e:
    java.util.List val$views -> a
    com.vzhuan.GuideActivity this$0 -> b
    52:52:int getCount() -> getCount
    57:57:boolean isViewFromObject(android.view.View,java.lang.Object) -> isViewFromObject
    62:63:void destroyItem(android.view.ViewGroup,int,java.lang.Object) -> destroyItem
    67:81:java.lang.Object instantiateItem(android.view.ViewGroup,int) -> instantiateItem
com.vzhuan.GuideActivity$1$1 -> com.vzhuan.f:
    com.vzhuan.GuideActivity$1 this$1 -> a
    74:76:void onClick(android.view.View) -> onClick
com.vzhuan.HomeFragment -> com.vzhuan.HomeFragment:
    com.vzhuan.viewpager.ViewPager viewPager -> b
    com.vzhuan.api.MyHttpRequestor userInfoRequest -> d
    com.vzhuan.mode.User mUser -> e
    boolean isFirstLogin -> c
    33:33:int doGetContentViewId() -> c
    38:64:void doInitSubViews(android.view.View) -> a
    69:78:void setViewPagerScroller() -> d
    82:92:void startWeixin() -> e
    96:119:void doInitDataes() -> a
    122:136:void initUserInfo() -> f
    140:142:void onDestroy() -> onDestroy
    149:150:void setViewPager(com.vzhuan.viewpager.ViewPager) -> a
    154:166:void onResume() -> onResume
    25:25:com.vzhuan.api.MyHttpRequestor access$000(com.vzhuan.HomeFragment) -> a
    25:25:void access$100(com.vzhuan.HomeFragment) -> b
    25:25:com.vzhuan.mode.User access$202(com.vzhuan.HomeFragment,com.vzhuan.mode.User) -> a
    25:25:com.vzhuan.mode.User access$200(com.vzhuan.HomeFragment) -> c
    25:25:void access$300(com.vzhuan.HomeFragment) -> d
com.vzhuan.HomeFragment$1 -> com.vzhuan.g:
    com.vzhuan.HomeFragment this$0 -> a
    42:43:void onClick(android.view.View) -> onClick
com.vzhuan.HomeFragment$2 -> com.vzhuan.h:
    com.vzhuan.HomeFragment this$0 -> a
    48:49:void onClick(android.view.View) -> onClick
com.vzhuan.HomeFragment$3 -> com.vzhuan.i:
    com.vzhuan.HomeFragment this$0 -> a
    54:55:void onClick(android.view.View) -> onClick
com.vzhuan.HomeFragment$4 -> com.vzhuan.j:
    com.vzhuan.HomeFragment this$0 -> a
    60:61:void onClick(android.view.View) -> onClick
...
android.support.v4.widget.DrawerLayout$State -> android.support.v4.widget.DrawerLayout$State:
android.support.v4.widget.DrawerLayout$ViewDragCallback -> android.support.v4.widget.DrawerLayout$ViewDragCallback:
    int mAbsGravity -> mAbsGravity
    android.support.v4.widget.ViewDragHelper mDragger -> mDragger
    java.lang.Runnable mPeekRunnable -> mPeekRunnable
    android.support.v4.widget.DrawerLayout this$0 -> this$0
    1615:1616:void setDragger(android.support.v4.widget.ViewDragHelper) -> setDragger
    1619:1620:void removeCallbacks() -> removeCallbacks
    1626:1626:boolean tryCaptureView(android.view.View,int) -> tryCaptureView
    1632:1633:void onViewDragStateChanged(int) -> onViewDragStateChanged
    1638:1650:void onViewPositionChanged(android.view.View,int,int,int,int) -> onViewPositionChanged
    1654:1658:void onViewCaptured(android.view.View,int) -> onViewCaptured
    1661:1666:void closeOtherDrawer() -> closeOtherDrawer
    1672:1685:void onViewReleased(android.view.View,float,float) -> onViewReleased
    1689:1690:void onEdgeTouched(int,int) -> onEdgeTouched
    1695:1717:void peekDrawer() -> peekDrawer
    1728:1728:boolean onEdgeLock(int) -> onEdgeLock
    1734:1743:void onEdgeDragStarted(int,int) -> onEdgeDragStarted
    1747:1747:int getViewHorizontalDragRange(android.view.View) -> getViewHorizontalDragRange
    1752:1756:int clampViewPositionHorizontal(android.view.View,int,int) -> clampViewPositionHorizontal
    1762:1762:int clampViewPositionVertical(android.view.View,int,int) -> clampViewPositionVertical
android.support.v4.widget.DrawerLayout$ViewDragCallback$1 -> android.support.v4.widget.DrawerLayout$ViewDragCallback$1:
    android.support.v4.widget.DrawerLayout$ViewDragCallback this$1 -> this$1
    1606:1607:void run() -> run
android.support.v4.widget.DrawerLayoutCompatApi21 -> android.support.v4.widget.DrawerLayoutCompatApi21:
    30:35:void configureApplyInsets(android.view.View) -> configureApplyInsets
    38:47:void dispatchChildInsets(android.view.View,java.lang.Object,int) -> dispatchChildInsets
    51:63:void applyMarginInsets(android.view.ViewGroup$MarginLayoutParams,java.lang.Object,int) -> applyMarginInsets
    66:66:int getTopInset(java.lang.Object) -> getTopInset
android.support.v4.widget.DrawerLayoutCompatApi21$InsetsListener -> android.support.v4.widget.DrawerLayoutCompatApi21$InsetsListener:
    72:74:android.view.WindowInsets onApplyWindowInsets(android.view.View,android.view.WindowInsets) -> onApplyWindowInsets
android.support.v4.widget.DrawerLayoutImpl -> android.support.v4.widget.DrawerLayoutImpl:
    void setChildInsets(java.lang.Object,boolean) -> setChildInsets
android.support.v4.widget.EdgeEffectCompat -> android.support.v4.widget.EdgeEffectCompat:
    java.lang.Object mEdgeEffect -> mEdgeEffect
    android.support.v4.widget.EdgeEffectCompat$EdgeEffectImpl IMPL -> IMPL
    143:144:void setSize(int,int) -> setSize
    154:154:boolean isFinished() -> isFinished
    162:163:void finish() -> finish
    177:177:boolean onPull(float) -> onPull
    189:189:boolean onRelease() -> onRelease
    204:204:boolean onAbsorb(int) -> onAbsorb
    218:218:boolean draw(android.graphics.Canvas) -> draw
android.support.v4.widget.EdgeEffectCompat$BaseEdgeEffectImpl -> android.support.v4.widget.EdgeEffectCompat$BaseEdgeEffectImpl:
    60:60:java.lang.Object newEdgeEffect(android.content.Context) -> newEdgeEffect
    64:64:void setSize(java.lang.Object,int,int) -> setSize
    67:67:boolean isFinished(java.lang.Object) -> isFinished
    71:71:void finish(java.lang.Object) -> finish
    74:74:boolean onPull(java.lang.Object,float) -> onPull
    78:78:boolean onRelease(java.lang.Object) -> onRelease
    82:82:boolean onAbsorb(java.lang.Object,int) -> onAbsorb
    86:86:boolean draw(java.lang.Object,android.graphics.Canvas) -> draw