proguard_logs/usage.txt
com.vzhuan.AppManagerStack:
    54:56:public void finishActivity()
    73:78:public void finishActivity(java.lang.Class)
com.vzhuan.B5MDisplayHelper
com.vzhuan.BuildConfig
com.vzhuan.Constants:
    public static final java.lang.String HOST
    public static final java.lang.String REGISTER
    public static final java.lang.String REGISTER_CHECK_ACCESS
    public static final java.lang.String BAIDU_PUSH_APIKEY
    public static final java.lang.String USERINFO
    public static final java.lang.String GET_ADS
    public static final java.lang.String ALREADY_SUBMIT_REFERRRERINFO
    public static final java.lang.String SUBMIT_REFERRER
    public static final java.lang.String UPDATE_POINT
    public static final java.lang.String primary_token_did
    public static final java.lang.String primary_token_uid
    public static final long time_refresh
    9:9:public Constants()
com.vzhuan.DataUtil
com.vzhuan.ExecutorServiceUtil:
    9:9:public ExecutorServiceUtil()
com.vzhuan.FixedSpeedScroller:
    16:17:public FixedSpeedScroller(android.content.Context,android.view.animation.Interpolator)
    20:21:public FixedSpeedScroller(android.content.Context,android.view.animation.Interpolator,boolean)
com.vzhuan.HomeFragment:
    145:145:public com.vzhuan.viewpager.ViewPager getViewPager()
com.vzhuan.ImageUtil:
    30:341:public ImageUtil()
    37:38:public static com.nostra13.universalimageloader.core.DisplayImageOptions$Builder getBaseDefaultBuilder()
    42:42:private static int getDefaultPeopleImgResId()
    60:67:public static com.nostra13.universalimageloader.core.DisplayImageOptions getDefaultNotRoundImgOptions(int)
    123:124:public static void displayImage(java.lang.String,int,android.widget.ImageView,com.nostra13.universalimageloader.core.DisplayImageOptions)
    135:136:public static void displayImage(java.lang.String,android.widget.ImageView,com.nostra13.universalimageloader.core.DisplayImageOptions,com.nostra13.universalimageloader.core.assist.ImageLoadingListener)
    139:152:public static void displayImage(java.lang.String,android.widget.ImageView,com.nostra13.universalimageloader.core.assist.ImageLoadingListener,boolean)
    161:162:public static void displayDefaultPeopleRoundImage(java.lang.String,android.widget.ImageView)
    171:172:public static void displayDefaultPeopleNotRoundImage(java.lang.String,android.widget.ImageView)
    191:192:public static void displayDefaultNotPeopleNotRoundImage(java.lang.String,android.widget.ImageView)
    201:202:public static void displayDiyNotPeopleNotRoundImage(java.lang.String,android.widget.ImageView,int)
    211:212:public static void displayDiyNotPeopleNotRoundImage(java.lang.String,android.widget.ImageView,int,int)
com.vzhuan.ImageUtil$1
com.vzhuan.ImageUtil$2
com.vzhuan.JsonHelper:
    3:4:public JsonHelper()
    20:27:public static com.vzhuan.JsonHelper$JSON_TYPE getJSONType(java.lang.String)
com.vzhuan.MD5:
    8:9:public MD5()
    35:40:public static final byte[] getRawDigest(byte[])
com.vzhuan.MainActivity:
    public static java.lang.String TEST_IMAGE
    public static java.lang.String TEST_IMAGE_URL
    154:170:public static java.lang.String actionToString(int)
com.vzhuan.Manifest
com.vzhuan.Manifest$permission
com.vzhuan.R:
    10:10:public R()
com.vzhuan.ReplenishAdapter:
    23:23:public java.util.List getList()
    27:28:public void setList(java.util.List)
com.vzhuan.ShareFragment:
    113:113:public com.vzhuan.viewpager.ViewPager getViewPager()
com.vzhuan.ShareUtil:
    private static final java.lang.String SHARE_NAME
    9:36:public ShareUtil()
com.vzhuan.ShareUtil$ShareKey
com.vzhuan.StringUtils
com.vzhuan.StringUtils$1
com.vzhuan.StringUtils$2
com.vzhuan.TaskFragment:
    174:174:public com.vzhuan.viewpager.ViewPager getViewPager()
com.vzhuan.api.B5MFileHelper
...
com.tencent.mm.sdk.plugin.MMPluginMsg$ReceiverHelper
com.tencent.mm.sdk.plugin.MMPluginOAuth:
    private final android.content.Context R
    private android.os.Handler handler
    public MMPluginOAuth(android.content.Context,com.tencent.mm.sdk.plugin.MMPluginOAuth$IResult)
    public java.lang.String getAccessToken()
    public java.lang.String getRequestToken()
    public void start()
    public boolean start(android.os.Handler)
    static synthetic com.tencent.mm.sdk.plugin.MMPluginOAuth$IResult b(com.tencent.mm.sdk.plugin.MMPluginOAuth)
com.tencent.mm.sdk.plugin.MMPluginOAuth$1
com.tencent.mm.sdk.plugin.MMPluginOAuth$IResult:
    public abstract void onSessionTimeOut()
com.tencent.mm.sdk.plugin.MMPluginOAuth$Receiver:
    public static void register(java.lang.String,com.tencent.mm.sdk.plugin.MMPluginOAuth)
com.tencent.mm.sdk.plugin.MMPluginProviderConstants
com.tencent.mm.sdk.plugin.MMPluginProviderConstants$OAuth
com.tencent.mm.sdk.plugin.MMPluginProviderConstants$PluginDB
com.tencent.mm.sdk.plugin.MMPluginProviderConstants$PluginIntent
com.tencent.mm.sdk.plugin.MMPluginProviderConstants$Resolver
com.tencent.mm.sdk.plugin.MMPluginProviderConstants$SharedPref
com.tencent.mm.sdk.plugin.MMPluginUtil
com.tencent.mm.sdk.plugin.Profile
com.tencent.mm.sdk.plugin.package-info
com.tencent.mm.sdk.storage.ContentProviderDB
com.tencent.mm.sdk.storage.CursorFieldHelper
com.tencent.mm.sdk.storage.ISQLiteDatabase
com.tencent.mm.sdk.storage.MAutoDBItem
com.tencent.mm.sdk.storage.MAutoStorage
com.tencent.mm.sdk.storage.MDBItem
com.tencent.mm.sdk.storage.MStorage
com.tencent.mm.sdk.storage.MStorage$1
com.tencent.mm.sdk.storage.MStorage$2
com.tencent.mm.sdk.storage.MStorage$IOnStorageChange
com.tencent.mm.sdk.storage.MStorage$IOnStorageLoaded
com.tencent.mm.sdk.storage.MStorageEvent
com.tencent.mm.sdk.storage.MStorageEvent$1
com.tencent.mm.sdk.storage.package-info
com.winad.android.a.b:
    public b()
com.winad.android.a.c:
    public c()
com.winad.android.a.e:
    public e()
com.winad.android.offers.ad:
    public ad(android.content.Context,boolean,android.content.DialogInterface$OnCancelListener)
    public ad(android.content.Context)
com.winad.android.offers.ae:
    ae()
com.winad.android.offers.al:
    al()
com.winad.android.offers.d:
    d()
com.winad.android.offers.i:
    i()
com.winad.android.offers.q:
    q()
com.winad.android.offers.r:
    r()
com.winad.android.offers.webView.VideoPlayerView:
    public VideoPlayerView(android.content.Context)
com.winad.android.offers.webView.q:
    q()
com.winad.android.offers.x:
    x()
org.apache.commons.httpclient.ChunkedInputStream:
    120:121:public ChunkedInputStream(java.io.InputStream)
org.apache.commons.httpclient.ConnectMethod:
    public static final java.lang.String NAME
    76:78:public ConnectMethod(org.apache.commons.httpclient.HttpMethod)
org.apache.commons.httpclient.ContentLengthInputStream:
    90:91:public ContentLengthInputStream(java.io.InputStream,int)
org.apache.commons.httpclient.DefaultHttpMethodRetryHandler:
    139:139:public boolean isRequestSentRetryEnabled()
    146:146:public int getRetryCount()
org.apache.commons.httpclient.DefaultMethodRetryHandler
org.apache.commons.httpclient.HeaderGroup:
    181:188:public org.apache.commons.httpclient.Header getLastHeader(java.lang.String)
    210:217:public boolean containsHeader(java.lang.String)
    228:228:public java.util.Iterator getIterator()